{"level":"DEBUG","location":"[get_call:137] fyersModel","message":{"Status Code":401,"API":"/profile"},"timestamp":"2024-12-22 16:54:40,326+0530","service":"FyersAPIRequest"}
{"level":"DEBUG","location":"[get_call:137] fyersModel","message":{"Status Code":200,"API":"/profile"},"timestamp":"2024-12-22 16:55:11,642+0530","service":"FyersAPIRequest"}
{"level":"DEBUG","location":"[get_call:137] fyersModel","message":{"Status Code":200,"API":"/profile"},"timestamp":"2024-12-22 17:01:31,769+0530","service":"FyersAPIRequest"}
{"level":"DEBUG","location":"[get_call:137] fyersModel","message":{"Status Code":200,"API":"/history"},"timestamp":"2024-12-22 17:01:34,180+0530","service":"FyersAPIRequest"}
{"level":"DEBUG","location":"[get_call:137] fyersModel","message":{"Status Code":200,"API":"/profile"},"timestamp":"2024-12-22 17:02:42,823+0530","service":"FyersAPIRequest"}
{"level":"DEBUG","location":"[get_call:137] fyersModel","message":{"Status Code":200,"API":"/history"},"timestamp":"2024-12-22 17:02:45,080+0530","service":"FyersAPIRequest"}
{"level":"DEBUG","location":"[get_call:137] fyersModel","message":{"Status Code":200,"API":"/profile"},"timestamp":"2024-12-22 17:25:16,254+0530","service":"FyersAPIRequest"}
{"level":"DEBUG","location":"[get_call:137] fyersModel","message":{"Status Code":200,"API":"/history"},"timestamp":"2024-12-22 17:25:18,013+0530","service":"FyersAPIRequest"}
{"level":"DEBUG","location":"[get_call:137] fyersModel","message":{"Status Code":200,"API":"/profile"},"timestamp":"2024-12-22 17:28:01,622+0530","service":"FyersAPIRequest"}
{"level":"DEBUG","location":"[get_call:137] fyersModel","message":{"Status Code":200,"API":"/history"},"timestamp":"2024-12-22 17:28:04,186+0530","service":"FyersAPIRequest"}
{"level":"DEBUG","location":"[get_call:137] fyersModel","message":{"Status Code":200,"API":"/profile"},"timestamp":"2024-12-22 17:29:05,782+0530","service":"FyersAPIRequest"}
{"level":"DEBUG","location":"[get_call:137] fyersModel","message":{"Status Code":200,"API":"/history"},"timestamp":"2024-12-22 17:29:08,264+0530","service":"FyersAPIRequest"}
{"level":"DEBUG","location":"[get_call:137] fyersModel","message":{"Status Code":200,"API":"/profile"},"timestamp":"2024-12-22 17:29:57,134+0530","service":"FyersAPIRequest"}
{"level":"DEBUG","location":"[get_call:137] fyersModel","message":{"Status Code":200,"API":"/history"},"timestamp":"2024-12-22 17:29:59,431+0530","service":"FyersAPIRequest"}
{"level":"DEBUG","location":"[get_call:137] fyersModel","message":{"Status Code":200,"API":"/profile"},"timestamp":"2024-12-22 19:52:34,642+0530","service":"FyersAPIRequest"}
{"level":"DEBUG","location":"[get_call:137] fyersModel","message":{"Status Code":200,"API":"/history"},"timestamp":"2024-12-22 19:52:35,785+0530","service":"FyersAPIRequest"}
{"level":"DEBUG","location":"[get_call:137] fyersModel","message":{"Status Code":200,"API":"/profile"},"timestamp":"2024-12-22 19:53:23,451+0530","service":"FyersAPIRequest"}
{"level":"DEBUG","location":"[get_call:137] fyersModel","message":{"Status Code":200,"API":"/history"},"timestamp":"2024-12-22 19:53:24,687+0530","service":"FyersAPIRequest"}
{"level":"DEBUG","location":"[get_call:137] fyersModel","message":{"Status Code":200,"API":"/profile"},"timestamp":"2024-12-22 20:50:43,321+0530","service":"FyersAPIRequest"}
{"level":"DEBUG","location":"[get_call:137] fyersModel","message":{"Status Code":200,"API":"/profile"},"timestamp":"2024-12-22 20:50:43,616+0530","service":"FyersAPIRequest"}
{"level":"DEBUG","location":"[get_call:137] fyersModel","message":{"Status Code":200,"API":"/history"},"timestamp":"2024-12-22 20:50:44,502+0530","service":"FyersAPIRequest"}
{"level":"DEBUG","location":"[get_call:137] fyersModel","message":{"Status Code":200,"API":"/profile"},"timestamp":"2024-12-22 20:51:24,919+0530","service":"FyersAPIRequest"}
{"level":"DEBUG","location":"[get_call:137] fyersModel","message":{"Status Code":200,"API":"/history"},"timestamp":"2024-12-22 20:51:26,169+0530","service":"FyersAPIRequest"}
{"level":"DEBUG","location":"[get_call:137] fyersModel","message":{"Status Code":200,"API":"/profile"},"timestamp":"2024-12-22 20:53:21,666+0530","service":"FyersAPIRequest"}
{"level":"DEBUG","location":"[get_call:137] fyersModel","message":{"Status Code":200,"API":"/history"},"timestamp":"2024-12-22 20:53:22,764+0530","service":"FyersAPIRequest"}
{"level":"DEBUG","location":"[get_call:137] fyersModel","message":{"Status Code":200,"API":"/profile"},"timestamp":"2024-12-22 20:54:21,727+0530","service":"FyersAPIRequest"}
{"level":"DEBUG","location":"[get_call:137] fyersModel","message":{"Status Code":200,"API":"/history"},"timestamp":"2024-12-22 20:54:22,808+0530","service":"FyersAPIRequest"}
{"level":"DEBUG","location":"[get_call:137] fyersModel","message":{"Status Code":200,"API":"/profile"},"timestamp":"2024-12-22 20:55:35,539+0530","service":"FyersAPIRequest"}
{"level":"DEBUG","location":"[get_call:137] fyersModel","message":{"Status Code":200,"API":"/history"},"timestamp":"2024-12-22 20:55:36,478+0530","service":"FyersAPIRequest"}
{"level":"DEBUG","location":"[get_call:137] fyersModel","message":{"Status Code":200,"API":"/profile"},"timestamp":"2024-12-22 21:00:09,651+0530","service":"FyersAPIRequest"}
{"level":"DEBUG","location":"[get_call:137] fyersModel","message":{"Status Code":200,"API":"/history"},"timestamp":"2024-12-22 21:00:13,133+0530","service":"FyersAPIRequest"}
{"level":"DEBUG","location":"[get_call:137] fyersModel","message":{"Status Code":200,"API":"/profile"},"timestamp":"2024-12-22 21:44:26,609+0530","service":"FyersAPIRequest"}
{"level":"DEBUG","location":"[get_call:137] fyersModel","message":{"Status Code":200,"API":"/history"},"timestamp":"2024-12-22 21:44:27,717+0530","service":"FyersAPIRequest"}
{"level":"DEBUG","location":"[get_call:137] fyersModel","message":{"Status Code":200,"API":"/profile"},"timestamp":"2024-12-22 21:44:53,287+0530","service":"FyersAPIRequest"}
{"level":"DEBUG","location":"[get_call:137] fyersModel","message":{"Status Code":200,"API":"/history"},"timestamp":"2024-12-22 21:44:54,427+0530","service":"FyersAPIRequest"}
{"level":"DEBUG","location":"[get_call:137] fyersModel","message":{"Status Code":200,"API":"/profile"},"timestamp":"2024-12-22 21:45:10,889+0530","service":"FyersAPIRequest"}
{"level":"DEBUG","location":"[get_call:137] fyersModel","message":{"Status Code":200,"API":"/history"},"timestamp":"2024-12-22 21:45:11,960+0530","service":"FyersAPIRequest"}
{"level":"DEBUG","location":"[get_call:137] fyersModel","message":{"Status Code":200,"API":"/profile"},"timestamp":"2024-12-22 21:47:23,262+0530","service":"FyersAPIRequest"}
{"level":"DEBUG","location":"[get_call:137] fyersModel","message":{"Status Code":200,"API":"/history"},"timestamp":"2024-12-22 21:47:40,673+0530","service":"FyersAPIRequest"}
{"level":"DEBUG","location":"[get_call:137] fyersModel","message":{"Status Code":401,"API":"/profile"},"timestamp":"2024-12-23 13:06:21,358+0530","service":"FyersAPIRequest"}
{"level":"DEBUG","location":"[get_call:137] fyersModel","message":{"Status Code":200,"API":"/profile"},"timestamp":"2024-12-23 13:07:14,427+0530","service":"FyersAPIRequest"}
{"level":"DEBUG","location":"[get_call:137] fyersModel","message":{"Status Code":200,"API":"/profile"},"timestamp":"2024-12-23 13:08:10,133+0530","service":"FyersAPIRequest"}
{"level":"DEBUG","location":"[get_call:137] fyersModel","message":{"Status Code":200,"API":"/profile"},"timestamp":"2024-12-23 13:09:33,295+0530","service":"FyersAPIRequest"}
{"level":"DEBUG","location":"[get_call:137] fyersModel","message":{"Status Code":200,"API":"/history"},"timestamp":"2024-12-23 13:09:34,513+0530","service":"FyersAPIRequest"}
{"level":"DEBUG","location":"[get_call:137] fyersModel","message":{"Status Code":200,"API":"/profile"},"timestamp":"2024-12-23 13:14:58,236+0530","service":"FyersAPIRequest"}
{"level":"DEBUG","location":"[get_call:137] fyersModel","message":{"Status Code":200,"API":"/history"},"timestamp":"2024-12-23 13:14:59,324+0530","service":"FyersAPIRequest"}
{"level":"DEBUG","location":"[get_call:137] fyersModel","message":{"Status Code":200,"API":"/profile"},"timestamp":"2024-12-23 13:17:01,726+0530","service":"FyersAPIRequest"}
{"level":"DEBUG","location":"[get_call:137] fyersModel","message":{"Status Code":200,"API":"/history"},"timestamp":"2024-12-23 13:17:02,798+0530","service":"FyersAPIRequest"}
{"level":"DEBUG","location":"[get_call:137] fyersModel","message":{"Status Code":200,"API":"/profile"},"timestamp":"2024-12-23 13:17:25,159+0530","service":"FyersAPIRequest"}
{"level":"DEBUG","location":"[get_call:137] fyersModel","message":{"Status Code":200,"API":"/history"},"timestamp":"2024-12-23 13:17:26,146+0530","service":"FyersAPIRequest"}
{"level":"DEBUG","location":"[get_call:137] fyersModel","message":{"Status Code":200,"API":"/profile"},"timestamp":"2024-12-23 13:17:45,166+0530","service":"FyersAPIRequest"}
{"level":"DEBUG","location":"[get_call:137] fyersModel","message":{"Status Code":200,"API":"/history"},"timestamp":"2024-12-23 13:17:46,153+0530","service":"FyersAPIRequest"}
{"level":"DEBUG","location":"[get_call:137] fyersModel","message":{"Status Code":200,"API":"/profile"},"timestamp":"2024-12-23 13:20:26,163+0530","service":"FyersAPIRequest"}
{"level":"DEBUG","location":"[get_call:137] fyersModel","message":{"Status Code":200,"API":"/history"},"timestamp":"2024-12-23 13:20:27,568+0530","service":"FyersAPIRequest"}
{"level":"DEBUG","location":"[get_call:137] fyersModel","message":{"Status Code":200,"API":"/profile"},"timestamp":"2024-12-23 13:21:37,713+0530","service":"FyersAPIRequest"}
{"level":"DEBUG","location":"[get_call:137] fyersModel","message":{"Status Code":200,"API":"/history"},"timestamp":"2024-12-23 13:21:39,319+0530","service":"FyersAPIRequest"}
{"level":"DEBUG","location":"[get_call:137] fyersModel","message":{"Status Code":200,"API":"/profile"},"timestamp":"2024-12-23 14:03:29,391+0530","service":"FyersAPIRequest"}
{"level":"DEBUG","location":"[get_call:137] fyersModel","message":{"Status Code":200,"API":"/history"},"timestamp":"2024-12-23 14:03:30,549+0530","service":"FyersAPIRequest"}
{"level":"DEBUG","location":"[get_call:137] fyersModel","message":{"Status Code":200,"API":"/profile"},"timestamp":"2024-12-23 14:03:57,727+0530","service":"FyersAPIRequest"}
{"level":"DEBUG","location":"[get_call:137] fyersModel","message":{"Status Code":200,"API":"/history"},"timestamp":"2024-12-23 14:03:58,909+0530","service":"FyersAPIRequest"}
{"level":"DEBUG","location":"[get_call:137] fyersModel","message":{"Status Code":200,"API":"/profile"},"timestamp":"2024-12-23 14:05:03,073+0530","service":"FyersAPIRequest"}
{"level":"DEBUG","location":"[get_call:137] fyersModel","message":{"Status Code":200,"API":"/history"},"timestamp":"2024-12-23 14:05:05,430+0530","service":"FyersAPIRequest"}
{"level":"DEBUG","location":"[get_call:137] fyersModel","message":{"Status Code":200,"API":"/profile"},"timestamp":"2024-12-23 14:06:30,243+0530","service":"FyersAPIRequest"}
{"level":"DEBUG","location":"[get_call:137] fyersModel","message":{"Status Code":200,"API":"/history"},"timestamp":"2024-12-23 14:06:31,484+0530","service":"FyersAPIRequest"}
{"level":"DEBUG","location":"[get_call:137] fyersModel","message":{"Status Code":200,"API":"/profile"},"timestamp":"2024-12-23 14:07:50,746+0530","service":"FyersAPIRequest"}
{"level":"DEBUG","location":"[get_call:137] fyersModel","message":{"Status Code":200,"API":"/history"},"timestamp":"2024-12-23 14:07:51,904+0530","service":"FyersAPIRequest"}
{"level":"DEBUG","location":"[get_call:137] fyersModel","message":{"Status Code":200,"API":"/profile"},"timestamp":"2024-12-23 14:11:12,149+0530","service":"FyersAPIRequest"}
{"level":"DEBUG","location":"[get_call:137] fyersModel","message":{"Status Code":200,"API":"/history"},"timestamp":"2024-12-23 14:11:13,380+0530","service":"FyersAPIRequest"}
{"level":"DEBUG","location":"[get_call:137] fyersModel","message":{"Status Code":200,"API":"/profile"},"timestamp":"2024-12-23 14:12:00,244+0530","service":"FyersAPIRequest"}
{"level":"DEBUG","location":"[get_call:137] fyersModel","message":{"Status Code":200,"API":"/history"},"timestamp":"2024-12-23 14:12:01,945+0530","service":"FyersAPIRequest"}
{"level":"DEBUG","location":"[get_call:137] fyersModel","message":{"Status Code":200,"API":"/profile"},"timestamp":"2024-12-23 14:13:05,492+0530","service":"FyersAPIRequest"}
{"level":"DEBUG","location":"[get_call:137] fyersModel","message":{"Status Code":200,"API":"/history"},"timestamp":"2024-12-23 14:13:06,838+0530","service":"FyersAPIRequest"}
{"level":"DEBUG","location":"[get_call:137] fyersModel","message":{"Status Code":200,"API":"/profile"},"timestamp":"2024-12-23 14:14:59,707+0530","service":"FyersAPIRequest"}
{"level":"DEBUG","location":"[get_call:137] fyersModel","message":{"Status Code":200,"API":"/history"},"timestamp":"2024-12-23 14:15:00,884+0530","service":"FyersAPIRequest"}
{"level":"DEBUG","location":"[get_call:137] fyersModel","message":{"Status Code":200,"API":"/profile"},"timestamp":"2024-12-23 14:16:25,841+0530","service":"FyersAPIRequest"}
{"level":"DEBUG","location":"[get_call:137] fyersModel","message":{"Status Code":200,"API":"/history"},"timestamp":"2024-12-23 14:16:26,993+0530","service":"FyersAPIRequest"}
{"level":"DEBUG","location":"[get_call:137] fyersModel","message":{"Status Code":200,"API":"/profile"},"timestamp":"2024-12-23 14:17:35,447+0530","service":"FyersAPIRequest"}
{"level":"DEBUG","location":"[get_call:137] fyersModel","message":{"Status Code":200,"API":"/history"},"timestamp":"2024-12-23 14:17:36,596+0530","service":"FyersAPIRequest"}
{"level":"DEBUG","location":"[get_call:137] fyersModel","message":{"Status Code":200,"API":"/profile"},"timestamp":"2024-12-23 14:19:21,770+0530","service":"FyersAPIRequest"}
{"level":"DEBUG","location":"[get_call:137] fyersModel","message":{"Status Code":200,"API":"/history"},"timestamp":"2024-12-23 14:19:22,982+0530","service":"FyersAPIRequest"}
{"level":"DEBUG","location":"[get_call:137] fyersModel","message":{"Status Code":200,"API":"/profile"},"timestamp":"2024-12-23 14:25:23,931+0530","service":"FyersAPIRequest"}
{"level":"DEBUG","location":"[get_call:137] fyersModel","message":{"Status Code":200,"API":"/history"},"timestamp":"2024-12-23 14:25:25,021+0530","service":"FyersAPIRequest"}
{"level":"DEBUG","location":"[get_call:137] fyersModel","message":{"Status Code":200,"API":"/profile"},"timestamp":"2024-12-23 14:56:24,358+0530","service":"FyersAPIRequest"}
{"level":"DEBUG","location":"[get_call:137] fyersModel","message":{"Status Code":200,"API":"/history"},"timestamp":"2024-12-23 14:56:25,428+0530","service":"FyersAPIRequest"}
{"level":"DEBUG","location":"[get_call:137] fyersModel","message":{"Status Code":200,"API":"/profile"},"timestamp":"2024-12-23 14:58:28,655+0530","service":"FyersAPIRequest"}
{"level":"DEBUG","location":"[get_call:137] fyersModel","message":{"Status Code":200,"API":"/history"},"timestamp":"2024-12-23 14:58:30,194+0530","service":"FyersAPIRequest"}
{"level":"DEBUG","location":"[get_call:137] fyersModel","message":{"Status Code":200,"API":"/profile"},"timestamp":"2024-12-23 14:59:06,451+0530","service":"FyersAPIRequest"}
{"level":"DEBUG","location":"[get_call:137] fyersModel","message":{"Status Code":200,"API":"/history"},"timestamp":"2024-12-23 14:59:07,987+0530","service":"FyersAPIRequest"}
{"level":"DEBUG","location":"[get_call:137] fyersModel","message":{"Status Code":200,"API":"/profile"},"timestamp":"2024-12-23 14:59:33,486+0530","service":"FyersAPIRequest"}
{"level":"DEBUG","location":"[get_call:137] fyersModel","message":{"Status Code":200,"API":"/history"},"timestamp":"2024-12-23 14:59:34,797+0530","service":"FyersAPIRequest"}
{"level":"DEBUG","location":"[get_call:137] fyersModel","message":{"Status Code":200,"API":"/profile"},"timestamp":"2024-12-23 15:00:40,344+0530","service":"FyersAPIRequest"}
{"level":"DEBUG","location":"[get_call:137] fyersModel","message":{"Status Code":200,"API":"/history"},"timestamp":"2024-12-23 15:00:41,886+0530","service":"FyersAPIRequest"}
{"level":"DEBUG","location":"[get_call:137] fyersModel","message":{"Status Code":200,"API":"/profile"},"timestamp":"2024-12-23 15:02:29,044+0530","service":"FyersAPIRequest"}
{"level":"DEBUG","location":"[get_call:137] fyersModel","message":{"Status Code":200,"API":"/history"},"timestamp":"2024-12-23 15:02:30,298+0530","service":"FyersAPIRequest"}
{"level":"DEBUG","location":"[get_call:137] fyersModel","message":{"Status Code":200,"API":"/profile"},"timestamp":"2024-12-23 15:02:52,049+0530","service":"FyersAPIRequest"}
{"level":"DEBUG","location":"[get_call:137] fyersModel","message":{"Status Code":200,"API":"/history"},"timestamp":"2024-12-23 15:02:54,396+0530","service":"FyersAPIRequest"}
{"level":"DEBUG","location":"[get_call:137] fyersModel","message":{"Status Code":200,"API":"/profile"},"timestamp":"2024-12-23 15:04:16,623+0530","service":"FyersAPIRequest"}
{"level":"DEBUG","location":"[get_call:137] fyersModel","message":{"Status Code":200,"API":"/history"},"timestamp":"2024-12-23 15:04:17,779+0530","service":"FyersAPIRequest"}
{"level":"DEBUG","location":"[get_call:137] fyersModel","message":{"Status Code":200,"API":"/profile"},"timestamp":"2024-12-23 15:05:04,523+0530","service":"FyersAPIRequest"}
{"level":"DEBUG","location":"[get_call:137] fyersModel","message":{"Status Code":200,"API":"/history"},"timestamp":"2024-12-23 15:05:05,523+0530","service":"FyersAPIRequest"}
{"level":"DEBUG","location":"[get_call:137] fyersModel","message":{"Status Code":200,"API":"/profile"},"timestamp":"2024-12-23 15:09:37,286+0530","service":"FyersAPIRequest"}
{"level":"DEBUG","location":"[get_call:137] fyersModel","message":{"Status Code":200,"API":"/history"},"timestamp":"2024-12-23 15:09:38,547+0530","service":"FyersAPIRequest"}
{"level":"DEBUG","location":"[get_call:137] fyersModel","message":{"Status Code":200,"API":"/profile"},"timestamp":"2024-12-23 15:10:07,185+0530","service":"FyersAPIRequest"}
{"level":"DEBUG","location":"[get_call:137] fyersModel","message":{"Status Code":200,"API":"/history"},"timestamp":"2024-12-23 15:10:08,383+0530","service":"FyersAPIRequest"}
{"level":"DEBUG","location":"[get_call:137] fyersModel","message":{"Status Code":200,"API":"/profile"},"timestamp":"2024-12-23 15:20:49,774+0530","service":"FyersAPIRequest"}
{"level":"DEBUG","location":"[get_call:137] fyersModel","message":{"Status Code":200,"API":"/history"},"timestamp":"2024-12-23 15:20:50,975+0530","service":"FyersAPIRequest"}
{"level":"DEBUG","location":"[get_call:137] fyersModel","message":{"Status Code":200,"API":"/profile"},"timestamp":"2024-12-23 15:21:07,640+0530","service":"FyersAPIRequest"}
{"level":"DEBUG","location":"[get_call:137] fyersModel","message":{"Status Code":200,"API":"/history"},"timestamp":"2024-12-23 15:21:09,089+0530","service":"FyersAPIRequest"}
{"level":"DEBUG","location":"[get_call:137] fyersModel","message":{"Status Code":200,"API":"/profile"},"timestamp":"2024-12-23 16:17:23,753+0530","service":"FyersAPIRequest"}
{"level":"DEBUG","location":"[get_call:137] fyersModel","message":{"Status Code":200,"API":"/history"},"timestamp":"2024-12-23 16:17:24,953+0530","service":"FyersAPIRequest"}
{"level":"DEBUG","location":"[get_call:137] fyersModel","message":{"Status Code":200,"API":"/profile"},"timestamp":"2024-12-23 18:18:15,713+0530","service":"FyersAPIRequest"}
{"level":"DEBUG","location":"[get_call:137] fyersModel","message":{"Status Code":200,"API":"/history"},"timestamp":"2024-12-23 18:18:17,156+0530","service":"FyersAPIRequest"}
{"level":"DEBUG","location":"[get_call:137] fyersModel","message":{"Status Code":200,"API":"/profile"},"timestamp":"2024-12-23 18:18:55,067+0530","service":"FyersAPIRequest"}
{"level":"DEBUG","location":"[get_call:137] fyersModel","message":{"Status Code":200,"API":"/profile"},"timestamp":"2024-12-23 18:21:42,185+0530","service":"FyersAPIRequest"}
{"level":"DEBUG","location":"[get_call:137] fyersModel","message":{"Status Code":200,"API":"/profile"},"timestamp":"2024-12-24 00:49:46,215+0530","service":"FyersAPIRequest"}
{"level":"DEBUG","location":"[get_call:137] fyersModel","message":{"Status Code":200,"API":"/profile"},"timestamp":"2024-12-24 00:50:20,817+0530","service":"FyersAPIRequest"}
{"level":"DEBUG","location":"[get_call:137] fyersModel","message":{"Status Code":200,"API":"/profile"},"timestamp":"2024-12-24 00:51:13,709+0530","service":"FyersAPIRequest"}
{"level":"DEBUG","location":"[get_call:137] fyersModel","message":{"Status Code":200,"API":"/history"},"timestamp":"2024-12-24 00:51:15,668+0530","service":"FyersAPIRequest"}
{"level":"DEBUG","location":"[get_call:137] fyersModel","message":{"Status Code":200,"API":"/profile"},"timestamp":"2024-12-24 00:52:05,119+0530","service":"FyersAPIRequest"}
{"level":"DEBUG","location":"[get_call:137] fyersModel","message":{"Status Code":200,"API":"/history"},"timestamp":"2024-12-24 00:52:07,053+0530","service":"FyersAPIRequest"}
{"level":"DEBUG","location":"[get_call:137] fyersModel","message":{"Status Code":200,"API":"/profile"},"timestamp":"2024-12-24 00:53:08,831+0530","service":"FyersAPIRequest"}
{"level":"DEBUG","location":"[get_call:137] fyersModel","message":{"Status Code":200,"API":"/history"},"timestamp":"2024-12-24 00:53:10,589+0530","service":"FyersAPIRequest"}
{"level":"DEBUG","location":"[get_call:137] fyersModel","message":{"Status Code":200,"API":"/profile"},"timestamp":"2024-12-24 00:55:42,282+0530","service":"FyersAPIRequest"}
{"level":"DEBUG","location":"[get_call:137] fyersModel","message":{"Status Code":200,"API":"/history"},"timestamp":"2024-12-24 00:55:43,433+0530","service":"FyersAPIRequest"}
{"level":"DEBUG","location":"[get_call:137] fyersModel","message":{"Status Code":200,"API":"/profile"},"timestamp":"2024-12-24 01:00:48,131+0530","service":"FyersAPIRequest"}
{"level":"DEBUG","location":"[get_call:137] fyersModel","message":{"Status Code":200,"API":"/history"},"timestamp":"2024-12-24 01:00:49,300+0530","service":"FyersAPIRequest"}
{"level":"DEBUG","location":"[get_call:137] fyersModel","message":{"Status Code":200,"API":"/profile"},"timestamp":"2024-12-24 01:01:04,671+0530","service":"FyersAPIRequest"}
{"level":"DEBUG","location":"[get_call:137] fyersModel","message":{"Status Code":200,"API":"/history"},"timestamp":"2024-12-24 01:01:06,808+0530","service":"FyersAPIRequest"}
{"level":"DEBUG","location":"[get_call:137] fyersModel","message":{"Status Code":200,"API":"/profile"},"timestamp":"2024-12-24 01:01:21,667+0530","service":"FyersAPIRequest"}
{"level":"DEBUG","location":"[get_call:137] fyersModel","message":{"Status Code":200,"API":"/history"},"timestamp":"2024-12-24 01:01:22,798+0530","service":"FyersAPIRequest"}
{"level":"DEBUG","location":"[get_call:137] fyersModel","message":{"Status Code":401,"API":"/profile"},"timestamp":"2024-12-24 09:10:28,419+0530","service":"FyersAPIRequest"}
{"level":"DEBUG","location":"[get_call:137] fyersModel","message":{"Status Code":200,"API":"/profile"},"timestamp":"2024-12-24 09:11:15,003+0530","service":"FyersAPIRequest"}
{"level":"DEBUG","location":"[get_call:137] fyersModel","message":{"Status Code":200,"API":"/history"},"timestamp":"2024-12-24 09:11:16,170+0530","service":"FyersAPIRequest"}
{"level":"DEBUG","location":"[get_call:137] fyersModel","message":{"Status Code":200,"API":"/profile"},"timestamp":"2024-12-24 09:14:16,150+0530","service":"FyersAPIRequest"}
{"level":"DEBUG","location":"[get_call:137] fyersModel","message":{"Status Code":200,"API":"/history"},"timestamp":"2024-12-24 09:14:17,311+0530","service":"FyersAPIRequest"}
{"level":"DEBUG","location":"[get_call:137] fyersModel","message":{"Status Code":200,"API":"/profile"},"timestamp":"2024-12-24 10:45:52,630+0530","service":"FyersAPIRequest"}
{"level":"DEBUG","location":"[get_call:137] fyersModel","message":{"Status Code":200,"API":"/history"},"timestamp":"2024-12-24 10:45:53,700+0530","service":"FyersAPIRequest"}
{"level":"DEBUG","location":"[get_call:137] fyersModel","message":{"Status Code":200,"API":"/profile"},"timestamp":"2024-12-24 11:58:32,546+0530","service":"FyersAPIRequest"}
{"level":"DEBUG","location":"[get_call:137] fyersModel","message":{"Status Code":200,"API":"/history"},"timestamp":"2024-12-24 11:58:34,851+0530","service":"FyersAPIRequest"}
{"level":"DEBUG","location":"[get_call:137] fyersModel","message":{"Status Code":200,"API":"/profile"},"timestamp":"2024-12-24 11:59:05,990+0530","service":"FyersAPIRequest"}
{"level":"DEBUG","location":"[get_call:137] fyersModel","message":{"Status Code":200,"API":"/history"},"timestamp":"2024-12-24 11:59:07,369+0530","service":"FyersAPIRequest"}
{"level":"DEBUG","location":"[get_call:137] fyersModel","message":{"Status Code":200,"API":"/profile"},"timestamp":"2024-12-24 12:00:21,590+0530","service":"FyersAPIRequest"}
{"level":"DEBUG","location":"[get_call:137] fyersModel","message":{"Status Code":200,"API":"/history"},"timestamp":"2024-12-24 12:00:22,797+0530","service":"FyersAPIRequest"}
{"level":"DEBUG","location":"[get_call:137] fyersModel","message":{"Status Code":200,"API":"/profile"},"timestamp":"2024-12-24 12:01:03,607+0530","service":"FyersAPIRequest"}
{"level":"DEBUG","location":"[get_call:137] fyersModel","message":{"Status Code":200,"API":"/history"},"timestamp":"2024-12-24 12:01:04,789+0530","service":"FyersAPIRequest"}
{"level":"DEBUG","location":"[get_call:137] fyersModel","message":{"Status Code":200,"API":"/profile"},"timestamp":"2024-12-24 12:03:20,916+0530","service":"FyersAPIRequest"}
{"level":"DEBUG","location":"[get_call:137] fyersModel","message":{"Status Code":200,"API":"/history"},"timestamp":"2024-12-24 12:03:22,131+0530","service":"FyersAPIRequest"}
{"level":"DEBUG","location":"[get_call:137] fyersModel","message":{"Status Code":200,"API":"/profile"},"timestamp":"2024-12-24 20:32:59,055+0530","service":"FyersAPIRequest"}
{"level":"DEBUG","location":"[get_call:137] fyersModel","message":{"Status Code":200,"API":"/profile"},"timestamp":"2024-12-24 20:34:14,691+0530","service":"FyersAPIRequest"}
{"level":"DEBUG","location":"[get_call:137] fyersModel","message":{"Status Code":200,"API":"/profile"},"timestamp":"2024-12-24 20:37:25,868+0530","service":"FyersAPIRequest"}
{"level":"DEBUG","location":"[get_call:137] fyersModel","message":{"Status Code":200,"API":"/profile"},"timestamp":"2024-12-24 20:40:01,326+0530","service":"FyersAPIRequest"}
{"level":"DEBUG","location":"[get_call:137] fyersModel","message":{"Status Code":200,"API":"/profile"},"timestamp":"2024-12-24 21:22:53,235+0530","service":"FyersAPIRequest"}
{"level":"DEBUG","location":"[get_call:137] fyersModel","message":{"Status Code":200,"API":"/history"},"timestamp":"2024-12-24 21:23:11,571+0530","service":"FyersAPIRequest"}
{"level":"DEBUG","location":"[get_call:137] fyersModel","message":{"Status Code":200,"API":"/profile"},"timestamp":"2024-12-24 21:23:40,248+0530","service":"FyersAPIRequest"}
{"level":"DEBUG","location":"[get_call:137] fyersModel","message":{"Status Code":200,"API":"/profile"},"timestamp":"2024-12-24 21:24:57,112+0530","service":"FyersAPIRequest"}
{"level":"DEBUG","location":"[get_call:137] fyersModel","message":{"Status Code":200,"API":"/profile"},"timestamp":"2024-12-24 21:26:53,689+0530","service":"FyersAPIRequest"}
{"level":"DEBUG","location":"[get_call:137] fyersModel","message":{"Status Code":200,"API":"/profile"},"timestamp":"2024-12-24 21:27:16,452+0530","service":"FyersAPIRequest"}
{"level":"DEBUG","location":"[get_call:137] fyersModel","message":{"Status Code":200,"API":"/profile"},"timestamp":"2024-12-24 21:27:38,539+0530","service":"FyersAPIRequest"}
{"level":"DEBUG","location":"[get_call:137] fyersModel","message":{"Status Code":200,"API":"/profile"},"timestamp":"2024-12-24 21:28:18,321+0530","service":"FyersAPIRequest"}
{"level":"DEBUG","location":"[get_call:137] fyersModel","message":{"Status Code":200,"API":"/profile"},"timestamp":"2024-12-24 21:30:55,521+0530","service":"FyersAPIRequest"}
{"level":"DEBUG","location":"[get_call:137] fyersModel","message":{"Status Code":401,"API":"/profile"},"timestamp":"2024-12-25 19:59:23,602+0530","service":"FyersAPIRequest"}
{"level":"DEBUG","location":"[get_call:137] fyersModel","message":{"Status Code":200,"API":"/profile"},"timestamp":"2024-12-25 20:00:29,638+0530","service":"FyersAPIRequest"}
{"level":"DEBUG","location":"[get_call:137] fyersModel","message":{"Status Code":200,"API":"/profile"},"timestamp":"2024-12-25 20:01:14,939+0530","service":"FyersAPIRequest"}
{"level":"DEBUG","location":"[get_call:137] fyersModel","message":{"Status Code":200,"API":"/history"},"timestamp":"2024-12-25 20:01:16,108+0530","service":"FyersAPIRequest"}
{"level":"DEBUG","location":"[get_call:137] fyersModel","message":{"Status Code":200,"API":"/profile"},"timestamp":"2024-12-25 20:03:21,815+0530","service":"FyersAPIRequest"}
{"level":"DEBUG","location":"[get_call:137] fyersModel","message":{"Status Code":200,"API":"/history"},"timestamp":"2024-12-25 20:03:22,946+0530","service":"FyersAPIRequest"}
{"level":"DEBUG","location":"[get_call:137] fyersModel","message":{"Status Code":200,"API":"/profile"},"timestamp":"2024-12-25 21:24:18,588+0530","service":"FyersAPIRequest"}
{"level":"DEBUG","location":"[get_call:137] fyersModel","message":{"Status Code":200,"API":"/history"},"timestamp":"2024-12-25 21:24:20,044+0530","service":"FyersAPIRequest"}
{"level":"DEBUG","location":"[get_call:137] fyersModel","message":{"Status Code":401,"API":"/profile"},"timestamp":"2024-12-26 08:02:41,056+0530","service":"FyersAPIRequest"}
{"level":"DEBUG","location":"[get_call:137] fyersModel","message":{"Status Code":200,"API":"/profile"},"timestamp":"2024-12-26 08:03:36,317+0530","service":"FyersAPIRequest"}
{"level":"DEBUG","location":"[get_call:137] fyersModel","message":{"Status Code":200,"API":"/history"},"timestamp":"2024-12-26 08:03:37,396+0530","service":"FyersAPIRequest"}
{"level":"DEBUG","location":"[get_call:137] fyersModel","message":{"Status Code":200,"API":"/profile"},"timestamp":"2024-12-26 08:04:55,557+0530","service":"FyersAPIRequest"}
{"level":"DEBUG","location":"[get_call:137] fyersModel","message":{"Status Code":200,"API":"/history"},"timestamp":"2024-12-26 08:04:57,443+0530","service":"FyersAPIRequest"}
{"level":"DEBUG","location":"[get_call:137] fyersModel","message":{"Status Code":200,"API":"/profile"},"timestamp":"2024-12-26 09:01:36,918+0530","service":"FyersAPIRequest"}
{"level":"DEBUG","location":"[get_call:137] fyersModel","message":{"Status Code":200,"API":"/history"},"timestamp":"2024-12-26 09:01:37,968+0530","service":"FyersAPIRequest"}
{"level":"DEBUG","location":"[get_call:137] fyersModel","message":{"Status Code":200,"API":"/profile"},"timestamp":"2024-12-26 09:08:23,977+0530","service":"FyersAPIRequest"}
{"level":"DEBUG","location":"[get_call:137] fyersModel","message":{"Status Code":200,"API":"/history"},"timestamp":"2024-12-26 09:08:25,193+0530","service":"FyersAPIRequest"}
{"level":"DEBUG","location":"[get_call:137] fyersModel","message":{"Status Code":200,"API":"/profile"},"timestamp":"2024-12-26 09:13:17,563+0530","service":"FyersAPIRequest"}
{"level":"DEBUG","location":"[get_call:137] fyersModel","message":{"Status Code":200,"API":"/history"},"timestamp":"2024-12-26 09:13:18,754+0530","service":"FyersAPIRequest"}
{"level":"DEBUG","location":"[get_call:137] fyersModel","message":{"Status Code":200,"API":"/profile"},"timestamp":"2024-12-26 09:13:44,977+0530","service":"FyersAPIRequest"}
{"level":"DEBUG","location":"[get_call:137] fyersModel","message":{"Status Code":200,"API":"/history"},"timestamp":"2024-12-26 09:13:46,131+0530","service":"FyersAPIRequest"}
{"level":"DEBUG","location":"[get_call:137] fyersModel","message":{"Status Code":200,"API":"/profile"},"timestamp":"2024-12-26 09:15:18,990+0530","service":"FyersAPIRequest"}
{"level":"DEBUG","location":"[get_call:137] fyersModel","message":{"Status Code":200,"API":"/history"},"timestamp":"2024-12-26 09:15:20,953+0530","service":"FyersAPIRequest"}
{"level":"DEBUG","location":"[get_call:137] fyersModel","message":{"Status Code":200,"API":"/profile"},"timestamp":"2024-12-26 09:26:25,756+0530","service":"FyersAPIRequest"}
{"level":"DEBUG","location":"[get_call:137] fyersModel","message":{"Status Code":200,"API":"/profile"},"timestamp":"2024-12-26 09:27:47,600+0530","service":"FyersAPIRequest"}
{"level":"DEBUG","location":"[get_call:137] fyersModel","message":{"Status Code":200,"API":"/profile"},"timestamp":"2024-12-26 09:28:15,653+0530","service":"FyersAPIRequest"}
{"level":"DEBUG","location":"[get_call:137] fyersModel","message":{"Status Code":200,"API":"/profile"},"timestamp":"2024-12-26 09:35:13,977+0530","service":"FyersAPIRequest"}
{"level":"DEBUG","location":"[get_call:137] fyersModel","message":{"Status Code":200,"API":"/history"},"timestamp":"2024-12-26 09:35:15,310+0530","service":"FyersAPIRequest"}
{"level":"DEBUG","location":"[get_call:137] fyersModel","message":{"Status Code":200,"API":"/profile"},"timestamp":"2024-12-26 09:37:34,237+0530","service":"FyersAPIRequest"}
{"level":"DEBUG","location":"[get_call:137] fyersModel","message":{"Status Code":200,"API":"/history"},"timestamp":"2024-12-26 09:37:35,406+0530","service":"FyersAPIRequest"}
{"level":"DEBUG","location":"[get_call:137] fyersModel","message":{"Status Code":200,"API":"/profile"},"timestamp":"2024-12-26 09:38:23,338+0530","service":"FyersAPIRequest"}
{"level":"DEBUG","location":"[get_call:137] fyersModel","message":{"Status Code":200,"API":"/history"},"timestamp":"2024-12-26 09:38:24,487+0530","service":"FyersAPIRequest"}
{"level":"DEBUG","location":"[get_call:137] fyersModel","message":{"Status Code":200,"API":"/profile"},"timestamp":"2024-12-26 09:41:59,037+0530","service":"FyersAPIRequest"}
{"level":"DEBUG","location":"[get_call:137] fyersModel","message":{"Status Code":200,"API":"/history"},"timestamp":"2024-12-26 09:42:00,389+0530","service":"FyersAPIRequest"}
{"level":"DEBUG","location":"[get_call:137] fyersModel","message":{"Status Code":200,"API":"/profile"},"timestamp":"2024-12-26 10:08:48,816+0530","service":"FyersAPIRequest"}
{"level":"DEBUG","location":"[get_call:137] fyersModel","message":{"Status Code":200,"API":"/profile"},"timestamp":"2024-12-26 10:09:34,327+0530","service":"FyersAPIRequest"}
{"level":"DEBUG","location":"[get_call:137] fyersModel","message":{"Status Code":200,"API":"/profile"},"timestamp":"2024-12-26 10:14:00,238+0530","service":"FyersAPIRequest"}
{"level":"DEBUG","location":"[get_call:137] fyersModel","message":{"Status Code":200,"API":"/profile"},"timestamp":"2024-12-26 10:45:01,329+0530","service":"FyersAPIRequest"}
{"level":"DEBUG","location":"[get_call:137] fyersModel","message":{"Status Code":200,"API":"/profile"},"timestamp":"2024-12-26 10:54:37,568+0530","service":"FyersAPIRequest"}
{"level":"DEBUG","location":"[get_call:137] fyersModel","message":{"Status Code":200,"API":"/profile"},"timestamp":"2024-12-26 12:10:12,669+0530","service":"FyersAPIRequest"}
{"level":"DEBUG","location":"[get_call:137] fyersModel","message":{"Status Code":200,"API":"/profile"},"timestamp":"2024-12-26 12:24:47,487+0530","service":"FyersAPIRequest"}
{"level":"DEBUG","location":"[get_call:137] fyersModel","message":{"Status Code":200,"API":"/history"},"timestamp":"2024-12-26 12:24:48,885+0530","service":"FyersAPIRequest"}
{"level":"DEBUG","location":"[get_call:137] fyersModel","message":{"Status Code":200,"API":"/profile"},"timestamp":"2024-12-26 12:26:05,779+0530","service":"FyersAPIRequest"}
{"level":"DEBUG","location":"[get_call:137] fyersModel","message":{"Status Code":200,"API":"/history"},"timestamp":"2024-12-26 12:26:07,260+0530","service":"FyersAPIRequest"}
{"level":"DEBUG","location":"[get_call:137] fyersModel","message":{"Status Code":200,"API":"/profile"},"timestamp":"2024-12-26 12:30:16,960+0530","service":"FyersAPIRequest"}
{"level":"DEBUG","location":"[get_call:137] fyersModel","message":{"Status Code":200,"API":"/history"},"timestamp":"2024-12-26 12:30:18,315+0530","service":"FyersAPIRequest"}
{"level":"DEBUG","location":"[get_call:137] fyersModel","message":{"Status Code":200,"API":"/profile"},"timestamp":"2024-12-26 12:31:40,335+0530","service":"FyersAPIRequest"}
{"level":"DEBUG","location":"[get_call:137] fyersModel","message":{"Status Code":200,"API":"/history"},"timestamp":"2024-12-26 12:31:42,592+0530","service":"FyersAPIRequest"}
{"level":"DEBUG","location":"[get_call:137] fyersModel","message":{"Status Code":200,"API":"/profile"},"timestamp":"2024-12-26 19:59:19,985+0530","service":"FyersAPIRequest"}
{"level":"DEBUG","location":"[get_call:137] fyersModel","message":{"Status Code":200,"API":"/profile"},"timestamp":"2024-12-26 20:00:16,439+0530","service":"FyersAPIRequest"}
{"level":"DEBUG","location":"[get_call:137] fyersModel","message":{"Status Code":200,"API":"/profile"},"timestamp":"2024-12-26 20:00:36,144+0530","service":"FyersAPIRequest"}
{"level":"DEBUG","location":"[get_call:137] fyersModel","message":{"Status Code":200,"API":"/profile"},"timestamp":"2024-12-26 20:05:05,704+0530","service":"FyersAPIRequest"}
{"level":"DEBUG","location":"[get_call:137] fyersModel","message":{"Status Code":200,"API":"/profile"},"timestamp":"2024-12-26 20:06:01,221+0530","service":"FyersAPIRequest"}
{"level":"DEBUG","location":"[get_call:137] fyersModel","message":{"Status Code":200,"API":"/profile"},"timestamp":"2024-12-26 20:10:22,603+0530","service":"FyersAPIRequest"}
{"level":"DEBUG","location":"[get_call:137] fyersModel","message":{"Status Code":200,"API":"/profile"},"timestamp":"2024-12-26 20:24:38,894+0530","service":"FyersAPIRequest"}
{"level":"DEBUG","location":"[get_call:137] fyersModel","message":{"Status Code":200,"API":"/profile"},"timestamp":"2024-12-26 20:31:55,989+0530","service":"FyersAPIRequest"}
{"level":"DEBUG","location":"[get_call:137] fyersModel","message":{"Status Code":401,"API":"/profile"},"timestamp":"2024-12-27 00:55:54,423+0530","service":"FyersAPIRequest"}
{"level":"DEBUG","location":"[get_call:137] fyersModel","message":{"Status Code":401,"API":"/profile"},"timestamp":"2024-12-27 00:57:18,486+0530","service":"FyersAPIRequest"}
{"level":"DEBUG","location":"[get_call:137] fyersModel","message":{"Status Code":401,"API":"/profile"},"timestamp":"2024-12-27 00:59:26,534+0530","service":"FyersAPIRequest"}
{"level":"DEBUG","location":"[get_call:137] fyersModel","message":{"Status Code":401,"API":"/profile"},"timestamp":"2024-12-27 01:00:11,472+0530","service":"FyersAPIRequest"}
{"level":"DEBUG","location":"[get_call:137] fyersModel","message":{"Status Code":200,"API":"/profile"},"timestamp":"2024-12-27 01:00:25,301+0530","service":"FyersAPIRequest"}
{"level":"DEBUG","location":"[get_call:137] fyersModel","message":{"Status Code":200,"API":"/history"},"timestamp":"2024-12-27 01:00:26,316+0530","service":"FyersAPIRequest"}
{"level":"DEBUG","location":"[get_call:137] fyersModel","message":{"Status Code":401,"API":"/profile"},"timestamp":"2024-12-27 01:21:07,865+0530","service":"FyersAPIRequest"}
{"level":"DEBUG","location":"[get_call:137] fyersModel","message":{"Status Code":401,"API":"/profile"},"timestamp":"2024-12-27 01:27:43,745+0530","service":"FyersAPIRequest","taskName":"Task-17"}
{"level":"DEBUG","location":"[get_call:137] fyersModel","message":{"Status Code":200,"API":"/profile"},"timestamp":"2024-12-27 01:30:51,642+0530","service":"FyersAPIRequest","taskName":"Task-18"}
{"level":"DEBUG","location":"[get_call:137] fyersModel","message":{"Status Code":200,"API":"/history"},"timestamp":"2024-12-27 01:30:52,832+0530","service":"FyersAPIRequest","taskName":"Task-18"}
{"level":"DEBUG","location":"[get_call:137] fyersModel","message":{"Status Code":200,"API":"/profile"},"timestamp":"2024-12-27 01:34:29,580+0530","service":"FyersAPIRequest","taskName":"Task-20"}
{"level":"DEBUG","location":"[get_call:137] fyersModel","message":{"Status Code":200,"API":"/history"},"timestamp":"2024-12-27 01:34:30,717+0530","service":"FyersAPIRequest","taskName":"Task-20"}
{"level":"DEBUG","location":"[get_call:137] fyersModel","message":{"Status Code":200,"API":"/profile"},"timestamp":"2024-12-27 01:34:52,654+0530","service":"FyersAPIRequest","taskName":"Task-24"}
{"level":"DEBUG","location":"[get_call:137] fyersModel","message":{"Status Code":200,"API":"/history"},"timestamp":"2024-12-27 01:34:53,831+0530","service":"FyersAPIRequest","taskName":"Task-24"}
{"level":"DEBUG","location":"[get_call:137] fyersModel","message":{"Status Code":200,"API":"/profile"},"timestamp":"2024-12-27 01:35:14,336+0530","service":"FyersAPIRequest","taskName":"Task-36"}
{"level":"DEBUG","location":"[get_call:137] fyersModel","message":{"Status Code":200,"API":"/history"},"timestamp":"2024-12-27 01:35:15,433+0530","service":"FyersAPIRequest","taskName":"Task-36"}
{"level":"DEBUG","location":"[get_call:137] fyersModel","message":{"Status Code":200,"API":"/profile"},"timestamp":"2024-12-27 01:35:20,292+0530","service":"FyersAPIRequest","taskName":"Task-45"}
{"level":"DEBUG","location":"[get_call:137] fyersModel","message":{"Status Code":200,"API":"/history"},"timestamp":"2024-12-27 01:35:21,571+0530","service":"FyersAPIRequest","taskName":"Task-45"}
{"level":"DEBUG","location":"[get_call:137] fyersModel","message":{"Status Code":200,"API":"/profile"},"timestamp":"2024-12-27 01:35:23,684+0530","service":"FyersAPIRequest","taskName":"Task-47"}
{"level":"DEBUG","location":"[get_call:137] fyersModel","message":{"Status Code":200,"API":"/history"},"timestamp":"2024-12-27 01:35:24,838+0530","service":"FyersAPIRequest","taskName":"Task-47"}
{"level":"DEBUG","location":"[get_call:137] fyersModel","message":{"Status Code":200,"API":"/profile"},"timestamp":"2024-12-27 01:35:25,335+0530","service":"FyersAPIRequest","taskName":"Task-51"}
{"level":"DEBUG","location":"[get_call:137] fyersModel","message":{"Status Code":200,"API":"/history"},"timestamp":"2024-12-27 01:35:26,344+0530","service":"FyersAPIRequest","taskName":"Task-51"}
{"level":"DEBUG","location":"[get_call:137] fyersModel","message":{"Status Code":200,"API":"/profile"},"timestamp":"2024-12-27 01:35:26,840+0530","service":"FyersAPIRequest","taskName":"Task-52"}
{"level":"DEBUG","location":"[get_call:137] fyersModel","message":{"Status Code":200,"API":"/history"},"timestamp":"2024-12-27 01:35:27,939+0530","service":"FyersAPIRequest","taskName":"Task-52"}
{"level":"DEBUG","location":"[get_call:137] fyersModel","message":{"Status Code":200,"API":"/profile"},"timestamp":"2024-12-27 01:36:31,247+0530","service":"FyersAPIRequest","taskName":"Task-9"}
{"level":"DEBUG","location":"[get_call:137] fyersModel","message":{"Status Code":200,"API":"/history"},"timestamp":"2024-12-27 01:36:32,251+0530","service":"FyersAPIRequest","taskName":"Task-9"}
{"level":"DEBUG","location":"[get_call:137] fyersModel","message":{"Status Code":200,"API":"/profile"},"timestamp":"2024-12-27 01:36:43,792+0530","service":"FyersAPIRequest","taskName":"Task-15"}
{"level":"DEBUG","location":"[get_call:137] fyersModel","message":{"Status Code":200,"API":"/history"},"timestamp":"2024-12-27 01:36:44,826+0530","service":"FyersAPIRequest","taskName":"Task-15"}
{"level":"DEBUG","location":"[get_call:137] fyersModel","message":{"Status Code":200,"API":"/profile"},"timestamp":"2024-12-27 01:37:42,446+0530","service":"FyersAPIRequest","taskName":"Task-5"}
{"level":"DEBUG","location":"[get_call:137] fyersModel","message":{"Status Code":200,"API":"/history"},"timestamp":"2024-12-27 01:37:43,620+0530","service":"FyersAPIRequest","taskName":"Task-5"}
{"level":"DEBUG","location":"[get_call:137] fyersModel","message":{"Status Code":200,"API":"/profile"},"timestamp":"2024-12-27 01:42:23,734+0530","service":"FyersAPIRequest","taskName":"Task-12"}
{"level":"DEBUG","location":"[get_call:137] fyersModel","message":{"Status Code":200,"API":"/history"},"timestamp":"2024-12-27 01:42:24,782+0530","service":"FyersAPIRequest","taskName":"Task-12"}
{"level":"DEBUG","location":"[get_call:137] fyersModel","message":{"Status Code":200,"API":"/profile"},"timestamp":"2024-12-27 01:42:37,922+0530","service":"FyersAPIRequest","taskName":"Task-16"}
{"level":"DEBUG","location":"[get_call:137] fyersModel","message":{"Status Code":200,"API":"/history"},"timestamp":"2024-12-27 01:42:38,985+0530","service":"FyersAPIRequest","taskName":"Task-16"}
{"level":"DEBUG","location":"[get_call:137] fyersModel","message":{"Status Code":200,"API":"/profile"},"timestamp":"2024-12-27 01:43:27,070+0530","service":"FyersAPIRequest","taskName":"Task-11"}
{"level":"DEBUG","location":"[get_call:137] fyersModel","message":{"Status Code":200,"API":"/history"},"timestamp":"2024-12-27 01:43:28,199+0530","service":"FyersAPIRequest","taskName":"Task-11"}
{"level":"DEBUG","location":"[get_call:137] fyersModel","message":{"Status Code":200,"API":"/profile"},"timestamp":"2024-12-27 01:44:17,356+0530","service":"FyersAPIRequest","taskName":"Task-7"}
{"level":"DEBUG","location":"[get_call:137] fyersModel","message":{"Status Code":200,"API":"/history"},"timestamp":"2024-12-27 01:44:18,386+0530","service":"FyersAPIRequest","taskName":"Task-7"}
{"level":"DEBUG","location":"[get_call:137] fyersModel","message":{"Status Code":200,"API":"/profile"},"timestamp":"2024-12-27 01:44:57,590+0530","service":"FyersAPIRequest","taskName":"Task-7"}
{"level":"DEBUG","location":"[get_call:137] fyersModel","message":{"Status Code":200,"API":"/history"},"timestamp":"2024-12-27 01:44:58,598+0530","service":"FyersAPIRequest","taskName":"Task-7"}
{"level":"DEBUG","location":"[get_call:137] fyersModel","message":{"Status Code":200,"API":"/profile"},"timestamp":"2024-12-27 01:45:29,251+0530","service":"FyersAPIRequest","taskName":"Task-9"}
{"level":"DEBUG","location":"[get_call:137] fyersModel","message":{"Status Code":200,"API":"/history"},"timestamp":"2024-12-27 01:45:30,223+0530","service":"FyersAPIRequest","taskName":"Task-9"}
{"level":"DEBUG","location":"[get_call:137] fyersModel","message":{"Status Code":200,"API":"/profile"},"timestamp":"2024-12-27 01:47:38,817+0530","service":"FyersAPIRequest","taskName":"Task-20"}
{"level":"DEBUG","location":"[get_call:137] fyersModel","message":{"Status Code":200,"API":"/history"},"timestamp":"2024-12-27 01:47:40,284+0530","service":"FyersAPIRequest","taskName":"Task-20"}
{"level":"DEBUG","location":"[get_call:137] fyersModel","message":{"Status Code":200,"API":"/profile"},"timestamp":"2024-12-27 09:06:44,729+0530","service":"FyersAPIRequest","taskName":"Task-18"}
{"level":"DEBUG","location":"[get_call:137] fyersModel","message":{"Status Code":200,"API":"/history"},"timestamp":"2024-12-27 09:06:45,724+0530","service":"FyersAPIRequest","taskName":"Task-18"}
{"level":"DEBUG","location":"[get_call:137] fyersModel","message":{"Status Code":200,"API":"/history"},"timestamp":"2024-12-27 10:17:13,521+0530","service":"FyersAPIRequest","taskName":"Task-18"}
{"level":"DEBUG","location":"[get_call:137] fyersModel","message":{"Status Code":200,"API":"/profile"},"timestamp":"2024-12-27 20:54:26,194+0530","service":"FyersAPIRequest"}
{"level":"DEBUG","location":"[get_call:137] fyersModel","message":{"Status Code":200,"API":"/history"},"timestamp":"2024-12-27 20:54:27,275+0530","service":"FyersAPIRequest"}
{"level":"DEBUG","location":"[get_call:137] fyersModel","message":{"Status Code":200,"API":"/profile"},"timestamp":"2024-12-30 08:16:39,658+0530","service":"FyersAPIRequest"}
{"level":"DEBUG","location":"[get_call:137] fyersModel","message":{"Status Code":200,"API":"/profile"},"timestamp":"2024-12-30 08:17:26,001+0530","service":"FyersAPIRequest"}
{"level":"DEBUG","location":"[get_call:137] fyersModel","message":{"Status Code":200,"API":"/history"},"timestamp":"2024-12-30 09:12:11,399+0530","service":"FyersAPIRequest"}
{"level":"DEBUG","location":"[get_call:137] fyersModel","message":{"Status Code":200,"API":"/profile"},"timestamp":"2024-12-31 10:45:36,959+0530","service":"FyersAPIRequest"}
{"level":"DEBUG","location":"[get_call:137] fyersModel","message":{"Status Code":200,"API":"/history"},"timestamp":"2024-12-31 10:45:38,090+0530","service":"FyersAPIRequest"}
{"level":"DEBUG","location":"[get_call:137] fyersModel","message":{"Status Code":200,"API":"/profile"},"timestamp":"2024-12-31 10:47:46,054+0530","service":"FyersAPIRequest"}
{"level":"DEBUG","location":"[get_call:137] fyersModel","message":{"Status Code":200,"API":"/history"},"timestamp":"2024-12-31 10:59:17,330+0530","service":"FyersAPIRequest"}
{"level":"DEBUG","location":"[get_call:137] fyersModel","message":{"Status Code":200,"API":"/profile"},"timestamp":"2024-12-31 10:59:33,442+0530","service":"FyersAPIRequest"}
{"level":"DEBUG","location":"[get_call:137] fyersModel","message":{"Status Code":200,"API":"/history"},"timestamp":"2024-12-31 10:59:35,513+0530","service":"FyersAPIRequest"}
